<?xml version="1.0" encoding="UTF-8"?>
<testng-results ignored="0" total="1" passed="1" failed="0" skipped="0">
  <reporter-output>
  </reporter-output>
  <suite started-at="2022-08-23T22:04:24 EST" name="Default suite" finished-at="2022-08-23T22:04:24 EST" duration-ms="512">
    <groups>
    </groups>
    <test started-at="2022-08-23T22:04:24 EST" name="Default test" finished-at="2022-08-23T22:04:24 EST" duration-ms="512">
      <class name="Pruebas.Laboratorio9">
        <test-method is-config="true" signature="abrirPagina()[pri:0, instance:Pruebas.Laboratorio9@60099951]" started-at="2022-08-23T22:04:14 EST" name="abrirPagina" finished-at="2022-08-23T22:04:24 EST" duration-ms="9108" status="PASS">
          <reporter-output>
          </reporter-output>
        </test-method> <!-- abrirPagina -->
        <test-method signature="leerValoresTabla()[pri:0, instance:Pruebas.Laboratorio9@60099951]" started-at="2022-08-23T22:04:24 EST" name="leerValoresTabla" finished-at="2022-08-23T22:04:24 EST" duration-ms="391" status="PASS">
          <reporter-output>
          </reporter-output>
        </test-method> <!-- leerValoresTabla -->
        <test-method is-config="true" signature="cerrar()[pri:0, instance:Pruebas.Laboratorio9@60099951]" started-at="2022-08-23T22:04:24 EST" name="cerrar" finished-at="2022-08-23T22:04:26 EST" duration-ms="1644" status="PASS">
          <reporter-output>
          </reporter-output>
        </test-method> <!-- cerrar -->
      </class> <!-- Pruebas.Laboratorio9 -->
    </test> <!-- Default test -->
  </suite> <!-- Default suite -->
</testng-results>
